7240
12105
5086
4806
0
8575
0
0
0
0
0
3587
7919
0
1912
0
0
0
6067
10640
0
0
0
0
6704
0
0
0
0
4157
10184
0
0
10353
0
0
7725
15519
5065
0
15749
0
0
0
0
0
0
0
7725
0
2956
0
0
0
13020
11017
0
0
0
0
0
0
0
8370
0
0
0
0
0
0
7351
10633
0
0
5413
0
0
0
0
0
19875
0
0
0
14932
0
0
0
10237
5060
0
0
0
0
0
0
0
0
0
0
0
10984
0
0
0
0
0
0
0
0
10353
0
0
0
12912
0
0
0
0
0
3960
0
0
0
4007
0
0
0
0
0
0
0
0
0
8804
0
6736
0
0
0
0
0
0
0
0
0
9304
16752
11817
0
0
0
0
0
0
0
0
0
0
0
0
0
0
0
22398
0
0
0
0
0
0
0
0
0
0
0
0
0
0
0
0
0
7919
0
0
0
0
0
0
0
0
0
0
0
0
0
0
0
0
0
0
0
0
0
0
0
0
0
0
0
15359
0
0
0
12559
0
0
5314
0
0
0
0
0
11949
0
21484
0
0
0
0
0
0
0
0
0
0
0
0
0
0
0
0
9228
0
0
0
5680
0
19009
6703
5301
25106
0
0
0
0
5314
0
5002
0
0
11509
0
0
0
11509
0
0
12507
0
9304
0
11048
0
0
14057
0
0
0
0
0
0
0
0
0
9263
0
0
10616
0
0
0
0
0
0
0
12696
0
4057
0
0
0
0
0
0
0
0
0
5887
0
0
8882
0
0
0
0
8615
6050
8586
5429
6028
4817
13436
0
8785
0
0
36442
12302
1741
5291
2607
14230
42912
8028
40183
0
4661
9605
0
8795
53352
8325
10843
43607
4755
4940
4829
9127
4137
10967
6136
5404
0
3737
16603
9898
2684
29883
41065
0
15615
7968
0
29044
0
6738
1885
4288
0
0
0
0
0
25150
3383
55193
23272
8309
8191
9792
3226
15988
0
7919
0
7515
0
15140
33098
0
39793
14987
11606
92305
20399
41687
0
8981
2545
6891
9666
0
8948
11217
11852
0
0
66784
0
17146
5884
8463
12636
6859
0
0
0
0
0
0
86480
7362
0
0
0
0
29271
0
0
0
0
0
0
13046
0
20197
0
0
0
0
0
0
0
0
0
8304
0
0
0
0
0
0
0
0
0
0
0
0
0
33215
0
0
0
0
0
0
0
0
0
0
0
0
0
0
0
108242
0
0
0
0
0
4028
0
14282
19509
0
0
0
0
0
0
0
0
0
0
0
0
0
0
0
13590
0
0
0
0
0
0
0
0
0
0
0
0
0
0
0
0
0
0
0
0
0
20912
0
0
0
0
0
6922
0
0
0
0
0
0
0
0
0
21856
2324
0
5426
6432
0
0
0
0
0
0
0
0
0
0
0
4310
3934
60103
9314
6387
3720
12843
8377
6512
4666
9714
18662
5342
10319
11301
10824
4188
0
5169
0
5721
3399
35216
7950
57522
20431
10500
3988
9477
6433
4530
0
4817
4711
6188
2956
6323
54404
52863
0
5341
0
29911
4257
3526
35001
0
10446
20382
8485
0
6427
14314
16831
0
12863
3319
0
0
5430
7878
7117
9819
11911
21258
12209
17082
0
0
21962
0
0
9169
14020
20711
0
19206
3260
21190
8944
18264
0
15089
6150
0
11588
8220
3068
5925
2748
3390
7842
12873
29087
3263
5072
4660
6853
8404
71087
11026
3044
2656
4246
0
5931
2217
6033
2942
2713
4157
5092
7269
13758
8716
6106
0
2626
0
3465
0
12055
0
3909
0
7746
9692
3930
0
2287
5601
0
6345
0
0
5621
4691
9223
5034
0
0
0
7419
6368
0
8151
3800
7363
3201
15415
2975
13291
11229
17018
0
10367
9606
1
0
20132
9542
12525
21528
12801
0
0
16200
13825
6742
0
7433
2920
141491
9915
18693
14243
25402
10964
7150
18685
0
0
0
7747
2953
8927
0
8469
10963
28942
0
8832
9618
6533
10443
0
8882
3138
28474
8075
14858
28500
6993
7235
16249
14626
6010
22451
21026
14903
0
0
0
4587
4146
2250
6363
19742
0
39527
12580
9747
15424
2693
12461
12137
1
0
2893
0
0
4503
8283
0
16772
10913
0
0
8717
8402
4255
3657
0
5276
0
0
4453
6994
0
5707
17831
9580
15889
12442
0
0
0
14371
0
0
0
10958
0
13874
9263
0
4014
3524
9795
11326
0
0
0
0
0
7760
23762
4703
14335
2361
0
10777
9139
0
3012
9278
6528
2519
3876
7225
4220
2893
7011
3613
7334
0
5842
4388
6479
5279
6861
6567
8716
15882
3844
14509
0
6831
3512
5344
5333
23222
4327
5156
28322
9718
7636
6570
0
1972
5082
19343
6585
7982
13975
7170
11993
5140
18983
6546
4724
15232
4948
15131
5047
18146
8224
12751
10469
6881
6097
18474
6121
54371
16834
30016
8767
6768
7150
12143
12474
12270
8651
5997
3732
6286
6843
9353
5797
36702
2946
5578
10376
12307
3939
13106
12508
11536
123398
7089
3850
5532
69868
10797
11938
16533
10545
14256
11869
12125
3813
9113
24620
13959
11125
13365
4206
5619
0
19967
16023
7738
12275
15157
9689
17082
10124
9968
8236
12476
12842
23264
7131
104095
9924
7794
29499
12729
14875
5065
14491
15764
12463
62735
7840
17657
57530
7437
4158
22331
4665
10763
10673
6541
18608
6313
10937
13940
7167
37702
13839
16017
16608
10657
66740
7671
5375
12011
23399
11079
123159
5868
0
5478
8801
10437
7919
22032
14369
12360
4861
23270
0
3899
6467
0
7846
7125
32164
14790
24400
17940
3397
0
0
21429
7294
0
0
27707
0
6290
38038
20441
17279
0
15168
13117
10815
10646
0
5299
5888
6753
6985
0
14960
10057
15273
0
0
16443
15802
14596
0
0
0
0
14783
0
17046
0
0
0
9263
0
4360
25630
0
6615
0
0
0
0
8700
6130
0
10902
3862
0
0
0
27552
0
0
13802
0
0
0
0
34853
21924
12999
0
11765
0
5086
0
14611
13270
13708
0
0
11414
0
11130
8862
7008
18088
11202
0
14662
0
20725
13029
22221
0
10519
20551
0
10597
0
0
6110
0
8832
9408
6280
9591
9102
20232
16333
9431
6564
20428
0
0
0
0
0
0
0
0
0
7130
0
0
11509
27794
20311
10484
13234
0
0
0
5952
13879
9468
9129
12345
23936
22970
12840
6997
5541
0
0
0
7546
0
18114
12883
8583
6549
12644
11127
12004
13892
8099
12838
13139
0
0
9151
2347
0
0
0
0
6158
0
7115
6215
0
11072
0
0
0
15255
15198
44576
7627
7137
0
12708
2958
5738
13187
21941
10795
11770
16659
0
15340
5342
0
3927
0
3270
7032
7287
0
32145
4868
3626
4874
6958
11289
0
13651
5389
0
49529
32392
0
0
7138
8233
0
0
21972
0
0
0
6177
5384
5384
0
10492
0
11824
6770
6518
0
0
27103
11731
10726
10963
8211
16812
2377
22903
5041
0
0
19378
12378
0
5115
5025
0
12580
4741
0
6106
0
16132
0
31553
0
0
19007
0
0
0
0
9020
0
11553
0
0
20260
6919
0
0
0
13820
0
0
5602
0
5277
5314
11616
0
8832
0
14017
4504
0
0
0
6328
11495
5108
4449
20697
9353
3960
0
37299
0
9461
6172
0
4382
21852
26515
0
4776
3075
0
5265
0
0
5041
0
11025
0
0
3697
2166
6564
0
5314
5268
6017
6308
4945
0
5062
4218
0
0
6057
0
0
19784
4773
8698
15862
12714
0
11846
3893
0
3857
0
16562
5903
0
16114
15141
4368
4193
0
0
0
0
63533
0
7961
6412
0
4708
0
0
9367
20794
9274
7476
12005
11520
0
15459
5314
0
23408
25133
0
7412
4486
0
0
0
4206
3375
4097
0
2777
5267
0
0
0
0
0
0
7357
6497
17569
0
0
14449
----
141491